<?xml version="1.0" encoding="UTF-8"?>
<!-- Generated by org.testng.reporters.JUnitReportReporter -->
<testsuite hostname="DESKTOP-33A3PLT" failures="0" tests="3" name="Test_scenerios.Main_pageTest" time="196.693" errors="0" timestamp="2023-05-05T11:15:48 IST" skipped="0">
  <testcase classname="Test_scenerios.Main_pageTest" name="loginPage" time="173.012"/>
  <system-out/>
  <testcase classname="Test_scenerios.Main_pageTest" name="create_user" time="0.149"/>
  <system-out/>
  <testcase classname="Test_scenerios.Main_pageTest" name="mission_UserCreate" time="23.532"/>
  <system-out/>
</testsuite> <!-- Test_scenerios.Main_pageTest -->
